<?xml version="1.0" encoding="UTF-8"?>
<testsuite name="com.example.codingtask.controllers.AwardingPointsControllerTests" tests="3" skipped="0" failures="0" errors="0" timestamp="2023-02-21T16:03:35" hostname="MBP-Kamcio.vberry.net" time="0.303">
  <properties/>
  <testcase name="Should return bad request in case of invalid amount" classname="com.example.codingtask.controllers.AwardingPointsControllerTests" time="0.247"/>
  <testcase name="Should return bad request in case of non-decimal amount" classname="com.example.codingtask.controllers.AwardingPointsControllerTests" time="0.01"/>
  <testcase name="Should call service method to calculate award points in case of positive money amount" classname="com.example.codingtask.controllers.AwardingPointsControllerTests" time="0.042"/>
  <system-out><![CDATA[2023-02-21 17:03:34.543  INFO 4332 --- [    Test worker] .b.t.a.w.s.WebMvcTestContextBootstrapper : Neither @ContextConfiguration nor @ContextHierarchy found for test class [com.example.codingtask.controllers.AwardingPointsControllerTests], using SpringBootContextLoader
2023-02-21 17:03:34.544  INFO 4332 --- [    Test worker] o.s.t.c.support.AbstractContextLoader    : Could not detect default resource locations for test class [com.example.codingtask.controllers.AwardingPointsControllerTests]: no resource found for suffixes {-context.xml, Context.groovy}.
2023-02-21 17:03:34.545  INFO 4332 --- [    Test worker] t.c.s.AnnotationConfigContextLoaderUtils : Could not detect default configuration classes for test class [com.example.codingtask.controllers.AwardingPointsControllerTests]: AwardingPointsControllerTests does not declare any static, non-private, non-final, nested classes annotated with @Configuration.
2023-02-21 17:03:34.569  INFO 4332 --- [    Test worker] .b.t.c.SpringBootTestContextBootstrapper : Found @SpringBootConfiguration com.example.codingtask.CodingTaskApplication for test class com.example.codingtask.controllers.AwardingPointsControllerTests
2023-02-21 17:03:34.570  INFO 4332 --- [    Test worker] .b.t.a.w.s.WebMvcTestContextBootstrapper : Loaded default TestExecutionListener class names from location [META-INF/spring.factories]: [org.springframework.boot.test.autoconfigure.restdocs.RestDocsTestExecutionListener, org.springframework.boot.test.autoconfigure.web.client.MockRestServiceServerResetTestExecutionListener, org.springframework.boot.test.autoconfigure.web.servlet.MockMvcPrintOnlyOnFailureTestExecutionListener, org.springframework.boot.test.autoconfigure.web.servlet.WebDriverTestExecutionListener, org.springframework.boot.test.autoconfigure.webservices.client.MockWebServiceServerTestExecutionListener, org.springframework.boot.test.mock.mockito.MockitoTestExecutionListener, org.springframework.boot.test.mock.mockito.ResetMocksTestExecutionListener, org.springframework.test.context.web.ServletTestExecutionListener, org.springframework.test.context.support.DirtiesContextBeforeModesTestExecutionListener, org.springframework.test.context.event.ApplicationEventsTestExecutionListener, org.springframework.test.context.support.DependencyInjectionTestExecutionListener, org.springframework.test.context.support.DirtiesContextTestExecutionListener, org.springframework.test.context.transaction.TransactionalTestExecutionListener, org.springframework.test.context.jdbc.SqlScriptsTestExecutionListener, org.springframework.test.context.event.EventPublishingTestExecutionListener]
2023-02-21 17:03:34.572  INFO 4332 --- [    Test worker] .b.t.a.w.s.WebMvcTestContextBootstrapper : Using TestExecutionListeners: [org.springframework.test.context.web.ServletTestExecutionListener@65036e8d, org.springframework.test.context.support.DirtiesContextBeforeModesTestExecutionListener@48ccbb32, org.springframework.test.context.event.ApplicationEventsTestExecutionListener@36551e97, org.springframework.boot.test.mock.mockito.MockitoTestExecutionListener@685d7ba5, org.springframework.boot.test.autoconfigure.SpringBootDependencyInjectionTestExecutionListener@16d41725, org.springframework.test.context.support.DirtiesContextTestExecutionListener@3b6c2be6, org.springframework.test.context.event.EventPublishingTestExecutionListener@25533bba, org.springframework.boot.test.autoconfigure.restdocs.RestDocsTestExecutionListener@26d0ece6, org.springframework.boot.test.autoconfigure.web.client.MockRestServiceServerResetTestExecutionListener@100bba26, org.springframework.boot.test.autoconfigure.web.servlet.MockMvcPrintOnlyOnFailureTestExecutionListener@4ae280da, org.springframework.boot.test.autoconfigure.web.servlet.WebDriverTestExecutionListener@76d0ecd7, org.springframework.boot.test.autoconfigure.webservices.client.MockWebServiceServerTestExecutionListener@57c69937, org.springframework.boot.test.mock.mockito.ResetMocksTestExecutionListener@1ad1c363]

  .   ____          _            __ _ _
 /\\ / ___'_ __ _ _(_)_ __  __ _ \ \ \ \
( ( )\___ | '_ | '_| | '_ \/ _` | \ \ \ \
 \\/  ___)| |_)| | | | | || (_| |  ) ) ) )
  '  |____| .__|_| |_|_| |_\__, | / / / /
 =========|_|==============|___/=/_/_/_/
 :: Spring Boot ::                (v2.7.8)

2023-02-21 17:03:34.603  INFO 4332 --- [    Test worker] c.e.c.c.AwardingPointsControllerTests    : Starting AwardingPointsControllerTests using Java 11.0.11 on MBP-Kamcio.vberry.net with PID 4332 (started by kamilgrzeczkowski in /Users/kamilgrzeczkowski/IdeaProjects/CodingTask)
2023-02-21 17:03:34.604  INFO 4332 --- [    Test worker] c.e.c.c.AwardingPointsControllerTests    : No active profile set, falling back to 1 default profile: "default"
2023-02-21 17:03:35.338  INFO 4332 --- [    Test worker] o.s.b.t.m.w.SpringBootMockServletContext : Initializing Spring TestDispatcherServlet ''
2023-02-21 17:03:35.338  INFO 4332 --- [    Test worker] o.s.t.web.servlet.TestDispatcherServlet  : Initializing Servlet ''
2023-02-21 17:03:35.339  INFO 4332 --- [    Test worker] o.s.t.web.servlet.TestDispatcherServlet  : Completed initialization in 1 ms
2023-02-21 17:03:35.354  INFO 4332 --- [    Test worker] c.e.c.c.AwardingPointsControllerTests    : Started AwardingPointsControllerTests in 0.779 seconds (JVM running for 6.35)
2023-02-21 17:03:35.617  WARN 4332 --- [    Test worker] .w.s.m.s.DefaultHandlerExceptionResolver : Resolved [org.springframework.http.converter.HttpMessageNotReadableException: JSON parse error: Cannot deserialize value of type `java.math.BigDecimal` from String "foo": not a valid representation; nested exception is com.fasterxml.jackson.databind.exc.InvalidFormatException: Cannot deserialize value of type `java.math.BigDecimal` from String "foo": not a valid representation<EOL> at [Source: (org.springframework.util.StreamUtils$NonClosingInputStream); line: 1, column: 12] (through reference chain: com.example.codingtask.dtos.MoneyDto["amount"])]
]]></system-out>
  <system-err><![CDATA[]]></system-err>
</testsuite>
